<?xml version="1.0" encoding="UTF-8"?>
<testng-results ignored="0" total="1" passed="1" failed="0" skipped="0">
  <reporter-output>
  </reporter-output>
  <suite started-at="2023-11-01T16:14:42 IST" name="Default suite" finished-at="2023-11-01T16:15:00 IST" duration-ms="17973">
    <groups>
    </groups>
    <test started-at="2023-11-01T16:14:42 IST" name="Default test" finished-at="2023-11-01T16:15:00 IST" duration-ms="17973">
      <class name="com.testcases.OrgHrmLogin_TestCase">
        <test-method is-config="true" signature="launch()[pri:0, instance:com.testcases.OrgHrmLogin_TestCase@550dbc7a]" started-at="2023-11-01T16:14:42 IST" name="launch" finished-at="2023-11-01T16:14:49 IST" duration-ms="6330" status="PASS">
          <reporter-output>
          </reporter-output>
        </test-method> <!-- launch -->
        <test-method signature="logintestcase()[pri:0, instance:com.testcases.OrgHrmLogin_TestCase@550dbc7a]" started-at="2023-11-01T16:14:49 IST" name="logintestcase" finished-at="2023-11-01T16:15:00 IST" duration-ms="11439" status="PASS">
          <reporter-output>
          </reporter-output>
        </test-method> <!-- logintestcase -->
        <test-method is-config="true" signature="closebrowser()[pri:0, instance:com.testcases.OrgHrmLogin_TestCase@550dbc7a]" started-at="2023-11-01T16:15:00 IST" name="closebrowser" finished-at="2023-11-01T16:15:00 IST" duration-ms="184" status="PASS">
          <reporter-output>
          </reporter-output>
        </test-method> <!-- closebrowser -->
      </class> <!-- com.testcases.OrgHrmLogin_TestCase -->
    </test> <!-- Default test -->
  </suite> <!-- Default suite -->
</testng-results>
